Gallery/index.html
js/tagcanvas.js
assets/css/APlayer.min.css
categories/index.html
assets/js/DPlayer.min.js
css/index.css
categories/开发/index.html
ads.txt
categories/技术分享/index.html
img/algolia.svg
categories/文档/index.html
css/var.css
archives/index.html
js/search/algolia.js
404.html
page/2/index.html
img/loading.gif
tags/C/index.html
assets/css/DPlayer.min.css
tags/Love/index.html
js/tw_cn.js
tags/MacOS/index.html
js/tagcloud.js
tags/uTools/index.html
tags/index.html
tags/技术分享/index.html
js/main.js
tags/讨论/index.html
img/404.jpg
archives/2020/02/index.html
assets/js/Meting.min.js
tags/读后感/index.html
assets/js/APlayer.min.js
archives/2020/06/index.html
img/friend_404.gif
archives/2020/10/index.html
js/utils.js
archives/page/2/index.html
archives/2020/index.html
archives/2020/07/index.html
categories/计算机基础/index.html
2020/02/14/FormatMarkdown/index.html
music/index.html
2020/02/16/cup-exam/index.html
categories/攻略/index.html
2020/02/13/hello-world/index.html
js/search/local-search.js
2020/02/18/bitbar/index.html
tags/机器学习/index.html
2020/02/26/jotting1/index.html
page/4/index.html
2020/03/14/elec-vue-issues/index.html
categories/随笔/index.html
2020/03/23/qs-dl/index.html
tags/Python开源库文档/index.html
2020/04/14/nat/index.html
archives/2020/04/index.html
2020/04/22/cpp-lib/index.html
tags/随笔/index.html
2020/05/07/MacKeyboardSpeed/index.html
archives/2020/05/index.html
2020/06/10/french-points/index.html
2020/02/14/QuickStart-Rhy/index.html
2020/07/25/Old-uTools-Translate/index.html
tags/攻略/index.html
2020/08/18/ssh-to-intranet/index.html
2020/03/11/opt-git-clone/index.html
archives/2020/page/3/index.html
2020/06/29/github-img-issue/index.html
2020/02/20/MacMenu/index.html
2020/03/20/gns3/index.html
2020/02/23/ntwk1-md/index.html
page/3/index.html
tags/Python/index.html
archives/2020/08/index.html
2020/05/05/topTools/index.html
2020/02/14/MyLove/index.html
2020/03/13/google-ads/index.html
archives/2020/03/index.html
2020/08/09/QuickStart-Rhy-zh/index.html
archives/2020/page/2/index.html
2020/07/06/QWoodRun/index.html
archives/2020/02/page/2/index.html
2020/10/17/DianNao/index.html
2020/08/15/deploy-blog-on-tencentcloud/index.html
sitemap.xml
categories/论文翻译/index.html
2020/02/24/fastapi/index.html